<?xml version="1.0" encoding="UTF-8" ?>
<testsuite errors="0" failures="17" hostname="SELENIUM-PC" name="TeraBoxST" tests="17" time="665.901" timestamp="2011-01-12T16:10:10">
  <properties>
[...]
</properties>
  <testcase classname="TeraBoxST" name="testLogin" time="40.49">
    <failure message="Login Error https://srv.certi.movistar.es/sva/faces/paneldecontrol/tnet/servicios_externos.jsf" type="junit.framework.AssertionFailedError">junit.framework.AssertionFailedError: Login Error https://srv.certi.movistar.es/sva/faces/paneldecontrol/tnet/servicios_externos.jsf
	at lib.Tb.login(Unknown Source)
	at TeraBoxST.testLogin(Unknown Source)
	at RunAfterFailures.evaluate(Unknown Source)
	at RCRunner.run(Unknown Source)
</failure>
  </testcase>
  <testcase classname="TeraBoxST" name="testUpload" time="37.19">
    <failure message="Login Error https://srv.certi.movistar.es/sva/faces/paneldecontrol/tnet/servicios_externos.jsf" type="junit.framework.AssertionFailedError">junit.framework.AssertionFailedError: Login Error https://srv.certi.movistar.es/sva/faces/paneldecontrol/tnet/servicios_externos.jsf
	at lib.Tb.login(Unknown Source)
	at TeraBoxST.testUpload(Unknown Source)
	at RunAfterFailures.evaluate(Unknown Source)
	at RCRunner.run(Unknown Source)
</failure>
  </testcase>
  <testcase classname="TeraBoxST" name="testSearch" time="42.526">
    <failure message="Login Error https://srv.certi.movistar.es/sva/faces/paneldecontrol/tnet/servicios_externos.jsf" type="junit.framework.AssertionFailedError">junit.framework.AssertionFailedError: Login Error https://srv.certi.movistar.es/sva/faces/paneldecontrol/tnet/servicios_externos.jsf
	at lib.Tb.login(Unknown Source)
	at TeraBoxST.testSearch(Unknown Source)
	at RunAfterFailures.evaluate(Unknown Source)
	at RCRunner.run(Unknown Source)
</failure>
  </testcase>
  <testcase classname="TeraBoxST" name="testHomePageLinks" time="40.56">
    <failure message="Login Error https://srv.certi.movistar.es/sva/faces/paneldecontrol/tnet/servicios_externos.jsf" type="junit.framework.AssertionFailedError">junit.framework.AssertionFailedError: Login Error https://srv.certi.movistar.es/sva/faces/paneldecontrol/tnet/servicios_externos.jsf
	at lib.Tb.login(Unknown Source)
	at TeraBoxST.testHomePageLinks(Unknown Source)
	at RunAfterFailures.evaluate(Unknown Source)
	at RCRunner.run(Unknown Source)
</failure>
  </testcase>
  <testcase classname="TeraBoxST" name="testHelpPageLinks" time="37.456">
    <failure message="Login Error https://srv.certi.movistar.es/sva/faces/paneldecontrol/tnet/servicios_externos.jsf" type="junit.framework.AssertionFailedError">junit.framework.AssertionFailedError: Login Error https://srv.certi.movistar.es/sva/faces/paneldecontrol/tnet/servicios_externos.jsf
	at lib.Tb.login(Unknown Source)
	at TeraBoxST.testHelpPageLinks(Unknown Source)
	at RunAfterFailures.evaluate(Unknown Source)
	at RCRunner.run(Unknown Source)
</failure>
  </testcase>
  <testcase classname="TeraBoxST" name="testDeleteAllOnlineFiles" time="37.221">
    <failure message="Login Error https://srv.certi.movistar.es/sva/faces/paneldecontrol/tnet/servicios_externos.jsf" type="junit.framework.AssertionFailedError">junit.framework.AssertionFailedError: Login Error https://srv.certi.movistar.es/sva/faces/paneldecontrol/tnet/servicios_externos.jsf
	at lib.Tb.login(Unknown Source)
	at TeraBoxST.testDeleteAllOnlineFiles(Unknown Source)
	at RunAfterFailures.evaluate(Unknown Source)
	at RCRunner.run(Unknown Source)
</failure>
  </testcase>
  <testcase classname="TeraBoxST" name="testChangeLanguage" time="37.004">
    <failure message="Login Error https://srv.certi.movistar.es/sva/faces/paneldecontrol/tnet/servicios_externos.jsf" type="junit.framework.AssertionFailedError">junit.framework.AssertionFailedError: Login Error https://srv.certi.movistar.es/sva/faces/paneldecontrol/tnet/servicios_externos.jsf
	at lib.Tb.login(Unknown Source)
	at TeraBoxST.testChangeLanguage(Unknown Source)
	at RunAfterFailures.evaluate(Unknown Source)
	at RCRunner.run(Unknown Source)
</failure>
  </testcase>
  <testcase classname="TeraBoxST" name="testCreateFolder" time="38.735">
    <failure message="Login Error https://srv.certi.movistar.es/sva/faces/paneldecontrol/tnet/servicios_externos.jsf" type="junit.framework.AssertionFailedError">junit.framework.AssertionFailedError: Login Error https://srv.certi.movistar.es/sva/faces/paneldecontrol/tnet/servicios_externos.jsf
	at lib.Tb.login(Unknown Source)
	at TeraBoxST.testCreateFolder(Unknown Source)
	at RunAfterFailures.evaluate(Unknown Source)
	at RCRunner.run(Unknown Source)
</failure>
  </testcase>
  <testcase classname="TeraBoxST" name="testAddGuest" time="38.017">
    <failure message="Login Error https://srv.certi.movistar.es/sva/faces/paneldecontrol/tnet/servicios_externos.jsf" type="junit.framework.AssertionFailedError">junit.framework.AssertionFailedError: Login Error https://srv.certi.movistar.es/sva/faces/paneldecontrol/tnet/servicios_externos.jsf
	at lib.Tb.login(Unknown Source)
	at TeraBoxST.testAddGuest(Unknown Source)
	at RunAfterFailures.evaluate(Unknown Source)
	at RCRunner.run(Unknown Source)
</failure>
  </testcase>
  <testcase classname="TeraBoxST" name="testDeleteGuest" time="36.894">
    <failure message="Login Error https://srv.certi.movistar.es/sva/faces/paneldecontrol/tnet/servicios_externos.jsf" type="junit.framework.AssertionFailedError">junit.framework.AssertionFailedError: Login Error https://srv.certi.movistar.es/sva/faces/paneldecontrol/tnet/servicios_externos.jsf
	at lib.Tb.login(Unknown Source)
	at TeraBoxST.testDeleteGuest(Unknown Source)
	at RunAfterFailures.evaluate(Unknown Source)
	at RCRunner.run(Unknown Source)
</failure>
  </testcase>
  <testcase classname="TeraBoxST" name="testCreateAlbum" time="39.062">
    <failure message="Login Error https://srv.certi.movistar.es/sva/faces/paneldecontrol/tnet/servicios_externos.jsf" type="junit.framework.AssertionFailedError">junit.framework.AssertionFailedError: Login Error https://srv.certi.movistar.es/sva/faces/paneldecontrol/tnet/servicios_externos.jsf
	at lib.Tb.login(Unknown Source)
	at TeraBoxST.testCreateAlbum(Unknown Source)
	at RunAfterFailures.evaluate(Unknown Source)
	at RCRunner.run(Unknown Source)
</failure>
  </testcase>
  <testcase classname="TeraBoxST" name="testDeleteAlbum" time="38.22">
    <failure message="Login Error https://srv.certi.movistar.es/sva/faces/paneldecontrol/tnet/servicios_externos.jsf" type="junit.framework.AssertionFailedError">junit.framework.AssertionFailedError: Login Error https://srv.certi.movistar.es/sva/faces/paneldecontrol/tnet/servicios_externos.jsf
	at lib.Tb.login(Unknown Source)
	at TeraBoxST.testDeleteAlbum(Unknown Source)
	at RunAfterFailures.evaluate(Unknown Source)
	at RCRunner.run(Unknown Source)
</failure>
  </testcase>
  <testcase classname="TeraBoxST" name="testTB504" time="42.089">
    <failure message="Login Error https://srv.certi.movistar.es/sva/faces/paneldecontrol/tnet/servicios_externos.jsf" type="junit.framework.AssertionFailedError">junit.framework.AssertionFailedError: Login Error https://srv.certi.movistar.es/sva/faces/paneldecontrol/tnet/servicios_externos.jsf
	at lib.Tb.login(Unknown Source)
	at TeraBoxST.testTB504(Unknown Source)
	at RunAfterFailures.evaluate(Unknown Source)
	at RCRunner.run(Unknown Source)
</failure>
  </testcase>
  <testcase classname="TeraBoxST" name="testTB601" time="37.409">
    <failure message="Login Error https://srv.certi.movistar.es/sva/faces/paneldecontrol/tnet/servicios_externos.jsf" type="junit.framework.AssertionFailedError">junit.framework.AssertionFailedError: Login Error https://srv.certi.movistar.es/sva/faces/paneldecontrol/tnet/servicios_externos.jsf
	at lib.Tb.login(Unknown Source)
	at TeraBoxST.testTB601(Unknown Source)
	at RunAfterFailures.evaluate(Unknown Source)
	at RCRunner.run(Unknown Source)
</failure>
  </testcase>
  <testcase classname="TeraBoxST" name="testTB1205" time="37.05">
    <failure message="Login Error https://srv.certi.movistar.es/sva/faces/paneldecontrol/tnet/servicios_externos.jsf" type="junit.framework.AssertionFailedError">junit.framework.AssertionFailedError: Login Error https://srv.certi.movistar.es/sva/faces/paneldecontrol/tnet/servicios_externos.jsf
	at lib.Tb.login(Unknown Source)
	at TeraBoxST.testTB1205(Unknown Source)
	at RunAfterFailures.evaluate(Unknown Source)
	at RCRunner.run(Unknown Source)
</failure>
  </testcase>
  <testcase classname="TeraBoxST" name="testTB600" time="38.08">
    <failure message="Login Error https://srv.certi.movistar.es/sva/faces/paneldecontrol/tnet/servicios_externos.jsf" type="junit.framework.AssertionFailedError">junit.framework.AssertionFailedError: Login Error https://srv.certi.movistar.es/sva/faces/paneldecontrol/tnet/servicios_externos.jsf
	at lib.Tb.login(Unknown Source)
	at TeraBoxST.testTB600(Unknown Source)
	at RunAfterFailures.evaluate(Unknown Source)
	at RCRunner.run(Unknown Source)
</failure>
  </testcase>
  <testcase classname="TeraBoxST" name="emptyRecycleBin" time="37.128">
    <failure message="Login Error https://srv.certi.movistar.es/sva/faces/paneldecontrol/tnet/servicios_externos.jsf" type="junit.framework.AssertionFailedError">junit.framework.AssertionFailedError: Login Error https://srv.certi.movistar.es/sva/faces/paneldecontrol/tnet/servicios_externos.jsf
	at lib.Tb.login(Unknown Source)
	at TeraBoxST.emptyRecycleBin(Unknown Source)
	at RunAfterFailures.evaluate(Unknown Source)
	at RCRunner.run(Unknown Source)
</failure>
  </testcase>
  <system-out><![CDATA[**** Start test **** testLogin ****

Open page srv.certi.movistar.es/sva/faces/paneldecontrol/tnet/servicios_externos.jsf?id=12030&ignore_cookie=true
Waiting for element //*[@id='tabla_activacion'] in https://srv.certi.movistar.es/sva/faces/paneldecontrol/tnet/servicios_externos.jsf?id=12030
Login the user Usuario_tb_9@telefonica.net with password prueba
Login Error https://srv.certi.movistar.es/sva/faces/paneldecontrol/tnet/servicios_externos.jsf
**** Test done ****testLogin ****

failures tc: null junit.framework.AssertionFailedError: Login Error https://srv.certi.movistar.es/sva/faces/paneldecontrol/tnet/servicios_externos.jsf
**** Start test **** testUpload ****

Open page srv.certi.movistar.es/sva/faces/paneldecontrol/tnet/servicios_externos.jsf?id=12030&ignore_cookie=true
Waiting for element //*[@id='tabla_activacion'] in https://srv.certi.movistar.es/sva/faces/paneldecontrol/tnet/servicios_externos.jsf?id=12030
Login the user Usuario_tb_9@telefonica.net with password prueba
Login Error https://srv.certi.movistar.es/sva/faces/paneldecontrol/tnet/servicios_externos.jsf
**** Test done ****testUpload ****

failures tc: null junit.framework.AssertionFailedError: Login Error https://srv.certi.movistar.es/sva/faces/paneldecontrol/tnet/servicios_externos.jsf
**** Start test **** testSearch ****

Open page srv.certi.movistar.es/sva/faces/paneldecontrol/tnet/servicios_externos.jsf?id=12030&ignore_cookie=true
Waiting for element //*[@id='tabla_activacion'] in https://srv.certi.movistar.es/sva/faces/paneldecontrol/tnet/servicios_externos.jsf?id=12030
Login the user Usuario_tb_9@telefonica.net with password prueba
Login Error https://srv.certi.movistar.es/sva/faces/paneldecontrol/tnet/servicios_externos.jsf
**** Test done ****testSearch ****

failures tc: null junit.framework.AssertionFailedError: Login Error https://srv.certi.movistar.es/sva/faces/paneldecontrol/tnet/servicios_externos.jsf
**** Start test **** testHomePageLinks ****

PENDIENTE DE TRADUCCIONES
Open page srv.certi.movistar.es/sva/faces/paneldecontrol/tnet/servicios_externos.jsf?id=12030&ignore_cookie=true
Waiting for element //*[@id='tabla_activacion'] in https://srv.certi.movistar.es/sva/faces/paneldecontrol/tnet/servicios_externos.jsf?id=12030
Login the user Usuario_tb_9@telefonica.net with password prueba
Login Error https://srv.certi.movistar.es/sva/faces/paneldecontrol/tnet/servicios_externos.jsf
**** Test done ****testHomePageLinks ****

failures tc: null junit.framework.AssertionFailedError: Login Error https://srv.certi.movistar.es/sva/faces/paneldecontrol/tnet/servicios_externos.jsf
**** Start test **** testHelpPageLinks ****

Open page srv.certi.movistar.es/sva/faces/paneldecontrol/tnet/servicios_externos.jsf?id=12030&ignore_cookie=true
Waiting for element //*[@id='tabla_activacion'] in https://srv.certi.movistar.es/sva/faces/paneldecontrol/tnet/servicios_externos.jsf?id=12030
Login the user Usuario_tb_9@telefonica.net with password prueba
Login Error https://srv.certi.movistar.es/sva/faces/paneldecontrol/tnet/servicios_externos.jsf
**** Test done ****testHelpPageLinks ****

failures tc: null junit.framework.AssertionFailedError: Login Error https://srv.certi.movistar.es/sva/faces/paneldecontrol/tnet/servicios_externos.jsf
**** Start test **** testDeleteAllOnlineFiles ****

Open page srv.certi.movistar.es/sva/faces/paneldecontrol/tnet/servicios_externos.jsf?id=12030&ignore_cookie=true
Waiting for element //*[@id='tabla_activacion'] in https://srv.certi.movistar.es/sva/faces/paneldecontrol/tnet/servicios_externos.jsf?id=12030
Login the user Usuario_tb_9@telefonica.net with password prueba
Login Error https://srv.certi.movistar.es/sva/faces/paneldecontrol/tnet/servicios_externos.jsf
**** Test done ****testDeleteAllOnlineFiles ****

failures tc: null junit.framework.AssertionFailedError: Login Error https://srv.certi.movistar.es/sva/faces/paneldecontrol/tnet/servicios_externos.jsf
**** Start test **** testChangeLanguage ****

Open page srv.certi.movistar.es/sva/faces/paneldecontrol/tnet/servicios_externos.jsf?id=12030&ignore_cookie=true
Waiting for element //*[@id='tabla_activacion'] in https://srv.certi.movistar.es/sva/faces/paneldecontrol/tnet/servicios_externos.jsf?id=12030
Login the user Usuario_tb_9@telefonica.net with password prueba
Login Error https://srv.certi.movistar.es/sva/faces/paneldecontrol/tnet/servicios_externos.jsf
**** Test done ****testChangeLanguage ****

failures tc: null junit.framework.AssertionFailedError: Login Error https://srv.certi.movistar.es/sva/faces/paneldecontrol/tnet/servicios_externos.jsf
**** Start test **** testCreateFolder ****

Open page srv.certi.movistar.es/sva/faces/paneldecontrol/tnet/servicios_externos.jsf?id=12030&ignore_cookie=true
Waiting for element //*[@id='tabla_activacion'] in https://srv.certi.movistar.es/sva/faces/paneldecontrol/tnet/servicios_externos.jsf?id=12030
Login the user Usuario_tb_9@telefonica.net with password prueba
Login Error https://srv.certi.movistar.es/sva/faces/paneldecontrol/tnet/servicios_externos.jsf
**** Test done ****testCreateFolder ****

failures tc: null junit.framework.AssertionFailedError: Login Error https://srv.certi.movistar.es/sva/faces/paneldecontrol/tnet/servicios_externos.jsf
**** Start test **** testAddGuest ****

Open page srv.certi.movistar.es/sva/faces/paneldecontrol/tnet/servicios_externos.jsf?id=12030&ignore_cookie=true
Waiting for element //*[@id='tabla_activacion'] in https://srv.certi.movistar.es/sva/faces/paneldecontrol/tnet/servicios_externos.jsf?id=12030
Login the user Usuario_tb_9@telefonica.net with password prueba
Login Error https://srv.certi.movistar.es/sva/faces/paneldecontrol/tnet/servicios_externos.jsf
**** Test done ****testAddGuest ****

failures tc: null junit.framework.AssertionFailedError: Login Error https://srv.certi.movistar.es/sva/faces/paneldecontrol/tnet/servicios_externos.jsf
**** Start test **** testDeleteGuest ****

Open page srv.certi.movistar.es/sva/faces/paneldecontrol/tnet/servicios_externos.jsf?id=12030&ignore_cookie=true
Waiting for element //*[@id='tabla_activacion'] in https://srv.certi.movistar.es/sva/faces/paneldecontrol/tnet/servicios_externos.jsf?id=12030
Login the user Usuario_tb_9@telefonica.net with password prueba
Login Error https://srv.certi.movistar.es/sva/faces/paneldecontrol/tnet/servicios_externos.jsf
**** Test done ****testDeleteGuest ****

failures tc: null junit.framework.AssertionFailedError: Login Error https://srv.certi.movistar.es/sva/faces/paneldecontrol/tnet/servicios_externos.jsf
**** Start test **** testCreateAlbum ****

Open page srv.certi.movistar.es/sva/faces/paneldecontrol/tnet/servicios_externos.jsf?id=12030&ignore_cookie=true
Waiting for element //*[@id='tabla_activacion'] in https://srv.certi.movistar.es/sva/faces/paneldecontrol/tnet/servicios_externos.jsf?id=12030
Login the user Usuario_tb_9@telefonica.net with password prueba
Login Error https://srv.certi.movistar.es/sva/faces/paneldecontrol/tnet/servicios_externos.jsf
**** Test done ****testCreateAlbum ****

failures tc: null junit.framework.AssertionFailedError: Login Error https://srv.certi.movistar.es/sva/faces/paneldecontrol/tnet/servicios_externos.jsf
**** Start test **** testDeleteAlbum ****

Open page srv.certi.movistar.es/sva/faces/paneldecontrol/tnet/servicios_externos.jsf?id=12030&ignore_cookie=true
Waiting for element //*[@id='tabla_activacion'] in https://srv.certi.movistar.es/sva/faces/paneldecontrol/tnet/servicios_externos.jsf?id=12030
Login the user Usuario_tb_9@telefonica.net with password prueba
Login Error https://srv.certi.movistar.es/sva/faces/paneldecontrol/tnet/servicios_externos.jsf
**** Test done ****testDeleteAlbum ****

failures tc: null junit.framework.AssertionFailedError: Login Error https://srv.certi.movistar.es/sva/faces/paneldecontrol/tnet/servicios_externos.jsf
**** Start test **** testTB504 ****

Open page srv.certi.movistar.es/sva/faces/paneldecontrol/tnet/servicios_externos.jsf?id=12030&ignore_cookie=true
Waiting for element //*[@id='tabla_activacion'] in https://srv.certi.movistar.es/sva/faces/paneldecontrol/tnet/servicios_externos.jsf?id=12030
Login the user Usuario_tb_9@telefonica.net with password prueba
Login Error https://srv.certi.movistar.es/sva/faces/paneldecontrol/tnet/servicios_externos.jsf
**** Test done ****testTB504 ****

failures tc: null junit.framework.AssertionFailedError: Login Error https://srv.certi.movistar.es/sva/faces/paneldecontrol/tnet/servicios_externos.jsf
**** Start test **** testTB601 ****

Open page srv.certi.movistar.es/sva/faces/paneldecontrol/tnet/servicios_externos.jsf?id=12030&ignore_cookie=true
Waiting for element //*[@id='tabla_activacion'] in https://srv.certi.movistar.es/sva/faces/paneldecontrol/tnet/servicios_externos.jsf?id=12030
Login the user Usuario_tb_9@telefonica.net with password prueba
Login Error https://srv.certi.movistar.es/sva/faces/paneldecontrol/tnet/servicios_externos.jsf
**** Test done ****testTB601 ****

failures tc: null junit.framework.AssertionFailedError: Login Error https://srv.certi.movistar.es/sva/faces/paneldecontrol/tnet/servicios_externos.jsf
**** Start test **** testTB1205 ****

Open page srv.certi.movistar.es/sva/faces/paneldecontrol/tnet/servicios_externos.jsf?id=12030&ignore_cookie=true
Waiting for element //*[@id='tabla_activacion'] in https://srv.certi.movistar.es/sva/faces/paneldecontrol/tnet/servicios_externos.jsf?id=12030
Login the user Usuario_tb_9@telefonica.net with password prueba
Login Error https://srv.certi.movistar.es/sva/faces/paneldecontrol/tnet/servicios_externos.jsf
**** Test done ****testTB1205 ****

failures tc: null junit.framework.AssertionFailedError: Login Error https://srv.certi.movistar.es/sva/faces/paneldecontrol/tnet/servicios_externos.jsf
**** Start test **** testTB600 ****

Open page srv.certi.movistar.es/sva/faces/paneldecontrol/tnet/servicios_externos.jsf?id=12030&ignore_cookie=true
Waiting for element //*[@id='tabla_activacion'] in https://srv.certi.movistar.es/sva/faces/paneldecontrol/tnet/servicios_externos.jsf?id=12030
Login the user Usuario_tb_9@telefonica.net with password prueba
Login Error https://srv.certi.movistar.es/sva/faces/paneldecontrol/tnet/servicios_externos.jsf
**** Test done ****testTB600 ****

failures tc: null junit.framework.AssertionFailedError: Login Error https://srv.certi.movistar.es/sva/faces/paneldecontrol/tnet/servicios_externos.jsf
**** Start test **** emptyRecycleBin ****

Open page srv.certi.movistar.es/sva/faces/paneldecontrol/tnet/servicios_externos.jsf?id=12030&ignore_cookie=true
Waiting for element //*[@id='tabla_activacion'] in https://srv.certi.movistar.es/sva/faces/paneldecontrol/tnet/servicios_externos.jsf?id=12030
Login the user Usuario_tb_9@telefonica.net with password prueba
Login Error https://srv.certi.movistar.es/sva/faces/paneldecontrol/tnet/servicios_externos.jsf
**** Test done ****emptyRecycleBin ****

failures tc: null junit.framework.AssertionFailedError: Login Error https://srv.certi.movistar.es/sva/faces/paneldecontrol/tnet/servicios_externos.jsf
E:\testABIL\pskill -t AutoIt3.exe
[Stdout] Unable to kill process AutoIt3.exe:
[Stdout] Process does not exist.
[Stderr] 
[Stderr] PsKill v1.13 - Terminates processes on local or remote systems
[Stderr] Copyright (C) 1999-2009  Mark Russinovich
[Stderr] Sysinternals - www.sysinternals.com
[Stderr] 
]]></system-out>
  <system-err><![CDATA[]]></system-err>
</testsuite>
